api [2021-07-29 20:31:31] [INFO]: ::1 - - "POST /api/admin/login HTTP/1.1" 200 116 "" "PostmanRuntime/7.28.2"

api [2021-07-29 21:21:10] [INFO]: ::1 - - "POST /api/upload HTTP/1.1" 200 35 "http://localhost:5008/upload.html" "Mozilla/5.0 (Windows NT 10.0; Win64; x64) AppleWebKit/537.36 (KHTML, like Gecko) Chrome/92.0.4515.107 Safari/537.36"

api [2021-07-29 21:21:22] [INFO]: ::1 - - "POST /api/upload HTTP/1.1" 200 61 "http://localhost:5008/upload.html" "Mozilla/5.0 (Windows NT 10.0; Win64; x64) AppleWebKit/537.36 (KHTML, like Gecko) Chrome/92.0.4515.107 Safari/537.36"

api [2021-07-29 21:24:04] [ERROR]: ::1 - - "GET /example/uploadEx/upload.html HTTP/1.1" 404 167 "" "Mozilla/5.0 (Windows NT 10.0; Win64; x64) AppleWebKit/537.36 (KHTML, like Gecko) Chrome/92.0.4515.107 Safari/537.36"

api [2021-07-29 21:24:08] [ERROR]: ::1 - - "GET /upload/1627564882769-micx77.jpg HTTP/1.1" 404 170 "" "Mozilla/5.0 (Windows NT 10.0; Win64; x64) AppleWebKit/537.36 (KHTML, like Gecko) Chrome/92.0.4515.107 Safari/537.36"

api [2021-07-29 21:24:10] [ERROR]: ::1 - - "GET /upload/1627564882769-micx77.jpg HTTP/1.1" 404 170 "" "Mozilla/5.0 (Windows NT 10.0; Win64; x64) AppleWebKit/537.36 (KHTML, like Gecko) Chrome/92.0.4515.107 Safari/537.36"

api [2021-07-29 21:24:37] [ERROR]: ::1 - - "GET /upload/1627564882769-micx77.jpg HTTP/1.1" 404 170 "" "Mozilla/5.0 (Windows NT 10.0; Win64; x64) AppleWebKit/537.36 (KHTML, like Gecko) Chrome/92.0.4515.107 Safari/537.36"

api [2021-07-29 21:24:41] [ERROR]: ::1 - - "GET /example/uploadEx/upload.html HTTP/1.1" 404 167 "" "Mozilla/5.0 (Windows NT 10.0; Win64; x64) AppleWebKit/537.36 (KHTML, like Gecko) Chrome/92.0.4515.107 Safari/537.36"

api [2021-07-29 21:24:41] [ERROR]: ::1 - - "GET /upload/1627564882769-micx77.jpg HTTP/1.1" 404 170 "" "Mozilla/5.0 (Windows NT 10.0; Win64; x64) AppleWebKit/537.36 (KHTML, like Gecko) Chrome/92.0.4515.107 Safari/537.36"

api [2021-07-29 21:24:54] [ERROR]: ::1 - - "GET /example/index.html HTTP/1.1" 404 157 "" "Mozilla/5.0 (Windows NT 10.0; Win64; x64) AppleWebKit/537.36 (KHTML, like Gecko) Chrome/92.0.4515.107 Safari/537.36"

api [2021-07-29 21:24:54] [ERROR]: ::1 - - "GET /upload/1627564882769-micx77.jpg HTTP/1.1" 404 170 "" "Mozilla/5.0 (Windows NT 10.0; Win64; x64) AppleWebKit/537.36 (KHTML, like Gecko) Chrome/92.0.4515.107 Safari/537.36"

api [2021-07-29 21:25:54] [ERROR]: ::1 - - "GET /example/index.html HTTP/1.1" 404 157 "" "Mozilla/5.0 (Windows NT 10.0; Win64; x64) AppleWebKit/537.36 (KHTML, like Gecko) Chrome/92.0.4515.107 Safari/537.36"

api [2021-07-29 21:25:54] [ERROR]: ::1 - - "GET /upload/1627564882769-micx77.jpg HTTP/1.1" 404 170 "" "Mozilla/5.0 (Windows NT 10.0; Win64; x64) AppleWebKit/537.36 (KHTML, like Gecko) Chrome/92.0.4515.107 Safari/537.36"

api [2021-07-29 21:25:56] [ERROR]: ::1 - - "GET /example/index.html HTTP/1.1" 404 157 "" "Mozilla/5.0 (Windows NT 10.0; Win64; x64) AppleWebKit/537.36 (KHTML, like Gecko) Chrome/92.0.4515.107 Safari/537.36"

api [2021-07-29 21:25:56] [ERROR]: ::1 - - "GET /upload/1627564882769-micx77.jpg HTTP/1.1" 404 170 "" "Mozilla/5.0 (Windows NT 10.0; Win64; x64) AppleWebKit/537.36 (KHTML, like Gecko) Chrome/92.0.4515.107 Safari/537.36"

api [2021-07-29 21:25:57] [ERROR]: ::1 - - "GET /upload/1627564882769-micx77.jpg HTTP/1.1" 404 170 "" "Mozilla/5.0 (Windows NT 10.0; Win64; x64) AppleWebKit/537.36 (KHTML, like Gecko) Chrome/92.0.4515.107 Safari/537.36"

api [2021-07-29 21:26:05] [ERROR]: ::1 - - "GET /example/ HTTP/1.1" 404 147 "" "Mozilla/5.0 (Windows NT 10.0; Win64; x64) AppleWebKit/537.36 (KHTML, like Gecko) Chrome/92.0.4515.107 Safari/537.36"

api [2021-07-29 21:26:05] [ERROR]: ::1 - - "GET /upload/1627564882769-micx77.jpg HTTP/1.1" 404 170 "" "Mozilla/5.0 (Windows NT 10.0; Win64; x64) AppleWebKit/537.36 (KHTML, like Gecko) Chrome/92.0.4515.107 Safari/537.36"

api [2021-07-29 21:27:24] [ERROR]: ::1 - - "GET /public/upload.html HTTP/1.1" 404 157 "" "Mozilla/5.0 (Windows NT 10.0; Win64; x64) AppleWebKit/537.36 (KHTML, like Gecko) Chrome/92.0.4515.107 Safari/537.36"

api [2021-07-29 21:46:46] [INFO]: ::1 - - "POST /api/upload HTTP/1.1" 200 61 "http://localhost:5008/upload.html" "Mozilla/5.0 (Windows NT 10.0; Win64; x64) AppleWebKit/537.36 (KHTML, like Gecko) Chrome/92.0.4515.107 Safari/537.36"

api [2021-07-29 21:46:46] [ERROR]: ::1 - - "GET /upload/1627566406138-srlflw.jpg HTTP/1.1" 404 170 "http://localhost:5008/upload.html" "Mozilla/5.0 (Windows NT 10.0; Win64; x64) AppleWebKit/537.36 (KHTML, like Gecko) Chrome/92.0.4515.107 Safari/537.36"

api [2021-07-29 21:48:09] [INFO]: ::1 - - "POST /api/upload HTTP/1.1" 200 64 "http://localhost:5008/upload.html" "Mozilla/5.0 (Windows NT 10.0; Win64; x64) AppleWebKit/537.36 (KHTML, like Gecko) Chrome/92.0.4515.107 Safari/537.36"

api [2021-07-29 21:48:09] [ERROR]: ::1 - - "GET /resources/1627566489347-rys4ih.jpg HTTP/1.1" 404 173 "http://localhost:5008/upload.html" "Mozilla/5.0 (Windows NT 10.0; Win64; x64) AppleWebKit/537.36 (KHTML, like Gecko) Chrome/92.0.4515.107 Safari/537.36"

api [2021-07-29 21:51:02] [INFO]: ::1 - - "POST /api/upload HTTP/1.1" 200 64 "http://localhost:5008/upload.html" "Mozilla/5.0 (Windows NT 10.0; Win64; x64) AppleWebKit/537.36 (KHTML, like Gecko) Chrome/92.0.4515.107 Safari/537.36"

api [2021-07-29 21:51:02] [ERROR]: ::1 - - "GET /resources/1627566662457-46ea5z.jpg HTTP/1.1" 404 173 "http://localhost:5008/upload.html" "Mozilla/5.0 (Windows NT 10.0; Win64; x64) AppleWebKit/537.36 (KHTML, like Gecko) Chrome/92.0.4515.107 Safari/537.36"

api [2021-07-29 21:52:29] [INFO]: ::1 - - "POST /api/upload HTTP/1.1" 200 64 "http://localhost:5008/upload.html" "Mozilla/5.0 (Windows NT 10.0; Win64; x64) AppleWebKit/537.36 (KHTML, like Gecko) Chrome/92.0.4515.107 Safari/537.36"

api [2021-07-29 21:52:29] [ERROR]: ::1 - - "GET /resources/1627566749876-9tmvox.jpg HTTP/1.1" 404 173 "http://localhost:5008/upload.html" "Mozilla/5.0 (Windows NT 10.0; Win64; x64) AppleWebKit/537.36 (KHTML, like Gecko) Chrome/92.0.4515.107 Safari/537.36"

api [2021-07-29 21:52:51] [ERROR]: ::1 - - "GET /upload.html HTTP/1.1" 404 150 "" "Mozilla/5.0 (Windows NT 10.0; Win64; x64) AppleWebKit/537.36 (KHTML, like Gecko) Chrome/92.0.4515.107 Safari/537.36"

api [2021-07-29 21:52:53] [ERROR]: ::1 - - "GET /upload.html HTTP/1.1" 404 150 "" "Mozilla/5.0 (Windows NT 10.0; Win64; x64) AppleWebKit/537.36 (KHTML, like Gecko) Chrome/92.0.4515.107 Safari/537.36"

api [2021-07-29 21:52:54] [ERROR]: ::1 - - "GET /upload.html HTTP/1.1" 404 150 "" "Mozilla/5.0 (Windows NT 10.0; Win64; x64) AppleWebKit/537.36 (KHTML, like Gecko) Chrome/92.0.4515.107 Safari/537.36"

api [2021-07-29 21:52:54] [ERROR]: ::1 - - "GET /upload.html HTTP/1.1" 404 150 "" "Mozilla/5.0 (Windows NT 10.0; Win64; x64) AppleWebKit/537.36 (KHTML, like Gecko) Chrome/92.0.4515.107 Safari/537.36"

api [2021-07-29 21:52:54] [ERROR]: ::1 - - "GET /upload.html HTTP/1.1" 404 150 "" "Mozilla/5.0 (Windows NT 10.0; Win64; x64) AppleWebKit/537.36 (KHTML, like Gecko) Chrome/92.0.4515.107 Safari/537.36"

api [2021-07-29 21:52:54] [ERROR]: ::1 - - "GET /upload.html HTTP/1.1" 404 150 "" "Mozilla/5.0 (Windows NT 10.0; Win64; x64) AppleWebKit/537.36 (KHTML, like Gecko) Chrome/92.0.4515.107 Safari/537.36"

api [2021-07-29 21:53:08] [ERROR]: ::1 - - "GET /resources/1627566749876-9tmvox.jpg HTTP/1.1" 404 173 "" "Mozilla/5.0 (Windows NT 10.0; Win64; x64) AppleWebKit/537.36 (KHTML, like Gecko) Chrome/92.0.4515.107 Safari/537.36"

api [2021-07-29 21:55:03] [ERROR]: ::1 - - "POST /api/upload HTTP/1.1" 500 132 "http://localhost:5008/upload.html" "Mozilla/5.0 (Windows NT 10.0; Win64; x64) AppleWebKit/537.36 (KHTML, like Gecko) Chrome/92.0.4515.107 Safari/537.36"

api [2021-07-29 21:55:26] [INFO]: ::1 - - "POST /api/upload HTTP/1.1" 200 61 "http://localhost:5008/upload.html" "Mozilla/5.0 (Windows NT 10.0; Win64; x64) AppleWebKit/537.36 (KHTML, like Gecko) Chrome/92.0.4515.107 Safari/537.36"

api [2021-07-29 21:57:56] [ERROR]: ::1 - - "GET /res/a.png HTTP/1.1" 500 108 "http://localhost:5008/download.html" "Mozilla/5.0 (Windows NT 10.0; Win64; x64) AppleWebKit/537.36 (KHTML, like Gecko) Chrome/92.0.4515.107 Safari/537.36"

api [2021-07-29 21:58:23] [ERROR]: ::1 - - "GET /downliad.html HTTP/1.1" 404 152 "" "Mozilla/5.0 (Windows NT 10.0; Win64; x64) AppleWebKit/537.36 (KHTML, like Gecko) Chrome/92.0.4515.107 Safari/537.36"

api [2021-07-29 21:58:30] [ERROR]: ::1 - - "GET /res/a.png HTTP/1.1" 500 108 "http://localhost:5008/download.html" "Mozilla/5.0 (Windows NT 10.0; Win64; x64) AppleWebKit/537.36 (KHTML, like Gecko) Chrome/92.0.4515.107 Safari/537.36"

api [2021-07-29 21:59:05] [INFO]: ::1 - - "GET /res/a.jpg HTTP/1.1" 200 53049 "http://localhost:5008/download.html" "Mozilla/5.0 (Windows NT 10.0; Win64; x64) AppleWebKit/537.36 (KHTML, like Gecko) Chrome/92.0.4515.107 Safari/537.36"

api [2021-07-29 21:59:45] [WARN]: ::1 - - "GET /res/a.jpg HTTP/1.1" 304 - "http://localhost:5008/download.html" "Mozilla/5.0 (Windows NT 10.0; Win64; x64) AppleWebKit/537.36 (KHTML, like Gecko) Chrome/92.0.4515.107 Safari/537.36"

