api [2021-08-02 20:41:48] [ERROR]: ::1 - - "GET /socket.io/?EIO=3&transport=polling&t=Ni6ud8D HTTP/1.1" 404 149 "http://localhost:5008/socket.html" "Mozilla/5.0 (Windows NT 10.0; Win64; x64) AppleWebKit/537.36 (KHTML, like Gecko) Chrome/92.0.4515.107 Safari/537.36"

api [2021-08-02 20:41:49] [ERROR]: ::1 - - "GET /socket.io/?EIO=3&transport=polling&t=Ni6udHt HTTP/1.1" 404 149 "http://localhost:5008/socket.html" "Mozilla/5.0 (Windows NT 10.0; Win64; x64) AppleWebKit/537.36 (KHTML, like Gecko) Chrome/92.0.4515.107 Safari/537.36"

api [2021-08-02 20:41:50] [ERROR]: ::1 - - "GET /socket.io/?EIO=3&transport=polling&t=Ni6udft HTTP/1.1" 404 149 "http://localhost:5008/socket.html" "Mozilla/5.0 (Windows NT 10.0; Win64; x64) AppleWebKit/537.36 (KHTML, like Gecko) Chrome/92.0.4515.107 Safari/537.36"

api [2021-08-02 20:41:55] [ERROR]: ::1 - - "GET /socket.io/?EIO=3&transport=polling&t=Ni6ueuD HTTP/1.1" 404 149 "http://localhost:5008/socket.html" "Mozilla/5.0 (Windows NT 10.0; Win64; x64) AppleWebKit/537.36 (KHTML, like Gecko) Chrome/92.0.4515.107 Safari/537.36"

api [2021-08-02 20:42:01] [ERROR]: ::1 - - "GET /socket.io/?EIO=3&transport=polling&t=Ni6ugI3 HTTP/1.1" 404 149 "http://localhost:5008/socket.html" "Mozilla/5.0 (Windows NT 10.0; Win64; x64) AppleWebKit/537.36 (KHTML, like Gecko) Chrome/92.0.4515.107 Safari/537.36"

api [2021-08-02 20:42:07] [ERROR]: ::1 - - "GET /socket.io/?EIO=3&transport=polling&t=Ni6uhlz HTTP/1.1" 404 149 "http://localhost:5008/socket.html" "Mozilla/5.0 (Windows NT 10.0; Win64; x64) AppleWebKit/537.36 (KHTML, like Gecko) Chrome/92.0.4515.107 Safari/537.36"

api [2021-08-02 20:42:13] [ERROR]: ::1 - - "GET /socket.io/?EIO=3&transport=polling&t=Ni6ujDc HTTP/1.1" 404 149 "http://localhost:5008/socket.html" "Mozilla/5.0 (Windows NT 10.0; Win64; x64) AppleWebKit/537.36 (KHTML, like Gecko) Chrome/92.0.4515.107 Safari/537.36"

api [2021-08-02 20:42:19] [ERROR]: ::1 - - "GET /socket.io/?EIO=3&transport=polling&t=Ni6ukhS HTTP/1.1" 404 149 "http://localhost:5008/socket.html" "Mozilla/5.0 (Windows NT 10.0; Win64; x64) AppleWebKit/537.36 (KHTML, like Gecko) Chrome/92.0.4515.107 Safari/537.36"

api [2021-08-02 20:42:25] [ERROR]: ::1 - - "GET /socket.io/?EIO=3&transport=polling&t=Ni6um9C HTTP/1.1" 404 149 "http://localhost:5008/socket.html" "Mozilla/5.0 (Windows NT 10.0; Win64; x64) AppleWebKit/537.36 (KHTML, like Gecko) Chrome/92.0.4515.107 Safari/537.36"

api [2021-08-02 20:42:53] [ERROR]: ::1 - - "GET /socket.io/?EIO=3&transport=polling&t=Ni6usVM HTTP/1.1" 404 149 "http://localhost:5008/socket.html" "Mozilla/5.0 (Windows NT 10.0; Win64; x64) AppleWebKit/537.36 (KHTML, like Gecko) Chrome/92.0.4515.107 Safari/537.36"

api [2021-08-02 20:42:58] [ERROR]: ::ffff:127.0.0.1 - - "GET /socket.io/?EIO=3&transport=polling&t=Ni6uuCo HTTP/1.1" 404 149 "http://localhost:5008/socket.html" "Mozilla/5.0 (Windows NT 10.0; Win64; x64) AppleWebKit/537.36 (KHTML, like Gecko) Chrome/92.0.4515.107 Safari/537.36"

api [2021-08-02 20:43:04] [ERROR]: ::1 - - "GET /socket.io/?EIO=3&transport=polling&t=Ni6uvgW HTTP/1.1" 404 149 "http://localhost:5008/socket.html" "Mozilla/5.0 (Windows NT 10.0; Win64; x64) AppleWebKit/537.36 (KHTML, like Gecko) Chrome/92.0.4515.107 Safari/537.36"

api [2021-08-02 20:43:09] [ERROR]: ::1 - - "GET /socket.io/?EIO=3&transport=polling&t=Ni6uwvz HTTP/1.1" 404 149 "http://localhost:5008/socket.html" "Mozilla/5.0 (Windows NT 10.0; Win64; x64) AppleWebKit/537.36 (KHTML, like Gecko) Chrome/92.0.4515.107 Safari/537.36"

api [2021-08-02 20:43:20] [ERROR]: ::1 - - "GET /socket.io/?EIO=3&transport=polling&t=Ni6uzSR HTTP/1.1" 404 149 "http://localhost:5008/socket.html" "Mozilla/5.0 (Windows NT 10.0; Win64; x64) AppleWebKit/537.36 (KHTML, like Gecko) Chrome/92.0.4515.107 Safari/537.36"

api [2021-08-02 20:43:21] [ERROR]: ::1 - - "GET /socket.io/?EIO=3&transport=polling&t=Ni6uzmP HTTP/1.1" 404 149 "http://localhost:5008/socket.html" "Mozilla/5.0 (Windows NT 10.0; Win64; x64) AppleWebKit/537.36 (KHTML, like Gecko) Chrome/92.0.4515.107 Safari/537.36"

api [2021-08-02 20:43:22] [ERROR]: ::1 - - "GET /socket.io/?EIO=3&transport=polling&t=Ni6u-6L HTTP/1.1" 404 149 "http://localhost:5008/socket.html" "Mozilla/5.0 (Windows NT 10.0; Win64; x64) AppleWebKit/537.36 (KHTML, like Gecko) Chrome/92.0.4515.107 Safari/537.36"

api [2021-08-02 20:43:27] [ERROR]: ::1 - - "GET /socket.io/?EIO=3&transport=polling&t=Ni6u_Kw HTTP/1.1" 404 149 "http://localhost:5008/socket.html" "Mozilla/5.0 (Windows NT 10.0; Win64; x64) AppleWebKit/537.36 (KHTML, like Gecko) Chrome/92.0.4515.107 Safari/537.36"

api [2021-08-02 20:43:33] [ERROR]: ::1 - - "GET /socket.io/?EIO=3&transport=polling&t=Ni6v0aJ HTTP/1.1" 404 149 "http://localhost:5008/socket.html" "Mozilla/5.0 (Windows NT 10.0; Win64; x64) AppleWebKit/537.36 (KHTML, like Gecko) Chrome/92.0.4515.107 Safari/537.36"

api [2021-08-02 20:43:38] [ERROR]: ::1 - - "GET /socket.io/?EIO=3&transport=polling&t=Ni6v1zn HTTP/1.1" 404 149 "http://localhost:5008/socket.html" "Mozilla/5.0 (Windows NT 10.0; Win64; x64) AppleWebKit/537.36 (KHTML, like Gecko) Chrome/92.0.4515.107 Safari/537.36"

api [2021-08-02 20:43:44] [ERROR]: ::1 - - "GET /socket.io/?EIO=3&transport=polling&t=Ni6v3RR HTTP/1.1" 404 149 "http://localhost:5008/socket.html" "Mozilla/5.0 (Windows NT 10.0; Win64; x64) AppleWebKit/537.36 (KHTML, like Gecko) Chrome/92.0.4515.107 Safari/537.36"

api [2021-08-02 20:43:50] [ERROR]: ::1 - - "GET /socket.io/?EIO=3&transport=polling&t=Ni6v4vB HTTP/1.1" 404 149 "http://localhost:5008/socket.html" "Mozilla/5.0 (Windows NT 10.0; Win64; x64) AppleWebKit/537.36 (KHTML, like Gecko) Chrome/92.0.4515.107 Safari/537.36"

api [2021-08-02 20:43:56] [ERROR]: ::1 - - "GET /socket.io/?EIO=3&transport=polling&t=Ni6v6Mx HTTP/1.1" 404 149 "http://localhost:5008/socket.html" "Mozilla/5.0 (Windows NT 10.0; Win64; x64) AppleWebKit/537.36 (KHTML, like Gecko) Chrome/92.0.4515.107 Safari/537.36"

api [2021-08-02 20:44:02] [ERROR]: ::1 - - "GET /socket.io/?EIO=3&transport=polling&t=Ni6v7qh HTTP/1.1" 404 149 "http://localhost:5008/socket.html" "Mozilla/5.0 (Windows NT 10.0; Win64; x64) AppleWebKit/537.36 (KHTML, like Gecko) Chrome/92.0.4515.107 Safari/537.36"

api [2021-08-02 20:44:08] [ERROR]: ::1 - - "GET /socket.io/?EIO=3&transport=polling&t=Ni6v9IR HTTP/1.1" 404 149 "http://localhost:5008/socket.html" "Mozilla/5.0 (Windows NT 10.0; Win64; x64) AppleWebKit/537.36 (KHTML, like Gecko) Chrome/92.0.4515.107 Safari/537.36"

api [2021-08-02 20:44:14] [ERROR]: ::1 - - "GET /socket.io/?EIO=3&transport=polling&t=Ni6vAmL HTTP/1.1" 404 149 "http://localhost:5008/socket.html" "Mozilla/5.0 (Windows NT 10.0; Win64; x64) AppleWebKit/537.36 (KHTML, like Gecko) Chrome/92.0.4515.107 Safari/537.36"

api [2021-08-02 20:44:20] [ERROR]: ::1 - - "GET /socket.io/?EIO=3&transport=polling&t=Ni6vCDw HTTP/1.1" 404 149 "http://localhost:5008/socket.html" "Mozilla/5.0 (Windows NT 10.0; Win64; x64) AppleWebKit/537.36 (KHTML, like Gecko) Chrome/92.0.4515.107 Safari/537.36"

api [2021-08-02 20:44:26] [ERROR]: ::1 - - "GET /socket.io/?EIO=3&transport=polling&t=Ni6vDhh HTTP/1.1" 404 149 "http://localhost:5008/socket.html" "Mozilla/5.0 (Windows NT 10.0; Win64; x64) AppleWebKit/537.36 (KHTML, like Gecko) Chrome/92.0.4515.107 Safari/537.36"

api [2021-08-02 20:44:32] [ERROR]: ::1 - - "GET /socket.io/?EIO=3&transport=polling&t=Ni6vF9W HTTP/1.1" 404 149 "http://localhost:5008/socket.html" "Mozilla/5.0 (Windows NT 10.0; Win64; x64) AppleWebKit/537.36 (KHTML, like Gecko) Chrome/92.0.4515.107 Safari/537.36"

api [2021-08-02 20:44:38] [ERROR]: ::1 - - "GET /socket.io/?EIO=3&transport=polling&t=Ni6vGdG HTTP/1.1" 404 149 "http://localhost:5008/socket.html" "Mozilla/5.0 (Windows NT 10.0; Win64; x64) AppleWebKit/537.36 (KHTML, like Gecko) Chrome/92.0.4515.107 Safari/537.36"

api [2021-08-02 20:44:44] [ERROR]: ::1 - - "GET /socket.io/?EIO=3&transport=polling&t=Ni6vI4x HTTP/1.1" 404 149 "http://localhost:5008/socket.html" "Mozilla/5.0 (Windows NT 10.0; Win64; x64) AppleWebKit/537.36 (KHTML, like Gecko) Chrome/92.0.4515.107 Safari/537.36"

api [2021-08-02 20:44:50] [ERROR]: ::1 - - "GET /socket.io/?EIO=3&transport=polling&t=Ni6vJYw HTTP/1.1" 404 149 "http://localhost:5008/socket.html" "Mozilla/5.0 (Windows NT 10.0; Win64; x64) AppleWebKit/537.36 (KHTML, like Gecko) Chrome/92.0.4515.107 Safari/537.36"

api [2021-08-02 20:44:56] [ERROR]: ::1 - - "GET /socket.io/?EIO=3&transport=polling&t=Ni6vL0g HTTP/1.1" 404 149 "http://localhost:5008/socket.html" "Mozilla/5.0 (Windows NT 10.0; Win64; x64) AppleWebKit/537.36 (KHTML, like Gecko) Chrome/92.0.4515.107 Safari/537.36"

api [2021-08-02 20:45:02] [ERROR]: ::1 - - "GET /socket.io/?EIO=3&transport=polling&t=Ni6vMUQ HTTP/1.1" 404 149 "http://localhost:5008/socket.html" "Mozilla/5.0 (Windows NT 10.0; Win64; x64) AppleWebKit/537.36 (KHTML, like Gecko) Chrome/92.0.4515.107 Safari/537.36"

api [2021-08-02 20:45:08] [ERROR]: ::1 - - "GET /socket.io/?EIO=3&transport=polling&t=Ni6vNyA HTTP/1.1" 404 149 "http://localhost:5008/socket.html" "Mozilla/5.0 (Windows NT 10.0; Win64; x64) AppleWebKit/537.36 (KHTML, like Gecko) Chrome/92.0.4515.107 Safari/537.36"

api [2021-08-02 20:45:14] [ERROR]: ::1 - - "GET /socket.io/?EIO=3&transport=polling&t=Ni6vPPh HTTP/1.1" 404 149 "http://localhost:5008/socket.html" "Mozilla/5.0 (Windows NT 10.0; Win64; x64) AppleWebKit/537.36 (KHTML, like Gecko) Chrome/92.0.4515.107 Safari/537.36"

api [2021-08-02 20:45:20] [ERROR]: ::1 - - "GET /socket.io/?EIO=3&transport=polling&t=Ni6vQtS HTTP/1.1" 404 149 "http://localhost:5008/socket.html" "Mozilla/5.0 (Windows NT 10.0; Win64; x64) AppleWebKit/537.36 (KHTML, like Gecko) Chrome/92.0.4515.107 Safari/537.36"

api [2021-08-02 20:45:26] [ERROR]: ::1 - - "GET /socket.io/?EIO=3&transport=polling&t=Ni6vSLL HTTP/1.1" 404 149 "http://localhost:5008/socket.html" "Mozilla/5.0 (Windows NT 10.0; Win64; x64) AppleWebKit/537.36 (KHTML, like Gecko) Chrome/92.0.4515.107 Safari/537.36"

api [2021-08-02 20:45:32] [ERROR]: ::1 - - "GET /socket.io/?EIO=3&transport=polling&t=Ni6vTp0 HTTP/1.1" 404 149 "http://localhost:5008/socket.html" "Mozilla/5.0 (Windows NT 10.0; Win64; x64) AppleWebKit/537.36 (KHTML, like Gecko) Chrome/92.0.4515.107 Safari/537.36"

api [2021-08-02 20:45:38] [ERROR]: ::1 - - "GET /socket.io/?EIO=3&transport=polling&t=Ni6vVGr HTTP/1.1" 404 149 "http://localhost:5008/socket.html" "Mozilla/5.0 (Windows NT 10.0; Win64; x64) AppleWebKit/537.36 (KHTML, like Gecko) Chrome/92.0.4515.107 Safari/537.36"

api [2021-08-02 20:45:44] [ERROR]: ::1 - - "GET /socket.io/?EIO=3&transport=polling&t=Ni6vWkR HTTP/1.1" 404 149 "http://localhost:5008/socket.html" "Mozilla/5.0 (Windows NT 10.0; Win64; x64) AppleWebKit/537.36 (KHTML, like Gecko) Chrome/92.0.4515.107 Safari/537.36"

api [2021-08-02 20:45:50] [ERROR]: ::1 - - "GET /socket.io/?EIO=3&transport=polling&t=Ni6vYCK HTTP/1.1" 404 149 "http://localhost:5008/socket.html" "Mozilla/5.0 (Windows NT 10.0; Win64; x64) AppleWebKit/537.36 (KHTML, like Gecko) Chrome/92.0.4515.107 Safari/537.36"

api [2021-08-02 20:45:56] [ERROR]: ::1 - - "GET /socket.io/?EIO=3&transport=polling&t=Ni6vZgA HTTP/1.1" 404 149 "http://localhost:5008/socket.html" "Mozilla/5.0 (Windows NT 10.0; Win64; x64) AppleWebKit/537.36 (KHTML, like Gecko) Chrome/92.0.4515.107 Safari/537.36"

api [2021-08-02 20:46:02] [ERROR]: ::1 - - "GET /socket.io/?EIO=3&transport=polling&t=Ni6vb7g HTTP/1.1" 404 149 "http://localhost:5008/socket.html" "Mozilla/5.0 (Windows NT 10.0; Win64; x64) AppleWebKit/537.36 (KHTML, like Gecko) Chrome/92.0.4515.107 Safari/537.36"

api [2021-08-02 20:46:08] [ERROR]: ::1 - - "GET /socket.io/?EIO=3&transport=polling&t=Ni6vcbV HTTP/1.1" 404 149 "http://localhost:5008/socket.html" "Mozilla/5.0 (Windows NT 10.0; Win64; x64) AppleWebKit/537.36 (KHTML, like Gecko) Chrome/92.0.4515.107 Safari/537.36"

api [2021-08-02 20:46:14] [ERROR]: ::1 - - "GET /socket.io/?EIO=3&transport=polling&t=Ni6ve3G HTTP/1.1" 404 149 "http://localhost:5008/socket.html" "Mozilla/5.0 (Windows NT 10.0; Win64; x64) AppleWebKit/537.36 (KHTML, like Gecko) Chrome/92.0.4515.107 Safari/537.36"

api [2021-08-02 20:46:20] [ERROR]: ::1 - - "GET /socket.io/?EIO=3&transport=polling&t=Ni6vfX9 HTTP/1.1" 404 149 "http://localhost:5008/socket.html" "Mozilla/5.0 (Windows NT 10.0; Win64; x64) AppleWebKit/537.36 (KHTML, like Gecko) Chrome/92.0.4515.107 Safari/537.36"

api [2021-08-02 20:46:26] [ERROR]: ::1 - - "GET /socket.io/?EIO=3&transport=polling&t=Ni6vg-l HTTP/1.1" 404 149 "http://localhost:5008/socket.html" "Mozilla/5.0 (Windows NT 10.0; Win64; x64) AppleWebKit/537.36 (KHTML, like Gecko) Chrome/92.0.4515.107 Safari/537.36"

api [2021-08-02 20:46:32] [ERROR]: ::1 - - "GET /socket.io/?EIO=3&transport=polling&t=Ni6viSW HTTP/1.1" 404 149 "http://localhost:5008/socket.html" "Mozilla/5.0 (Windows NT 10.0; Win64; x64) AppleWebKit/537.36 (KHTML, like Gecko) Chrome/92.0.4515.107 Safari/537.36"

api [2021-08-02 20:46:38] [ERROR]: ::1 - - "GET /socket.io/?EIO=3&transport=polling&t=Ni6vjwF HTTP/1.1" 404 149 "http://localhost:5008/socket.html" "Mozilla/5.0 (Windows NT 10.0; Win64; x64) AppleWebKit/537.36 (KHTML, like Gecko) Chrome/92.0.4515.107 Safari/537.36"

api [2021-08-02 20:46:44] [ERROR]: ::1 - - "GET /socket.io/?EIO=3&transport=polling&t=Ni6vlO0 HTTP/1.1" 404 149 "http://localhost:5008/socket.html" "Mozilla/5.0 (Windows NT 10.0; Win64; x64) AppleWebKit/537.36 (KHTML, like Gecko) Chrome/92.0.4515.107 Safari/537.36"

api [2021-08-02 20:46:50] [ERROR]: ::1 - - "GET /socket.io/?EIO=3&transport=polling&t=Ni6vmrl HTTP/1.1" 404 149 "http://localhost:5008/socket.html" "Mozilla/5.0 (Windows NT 10.0; Win64; x64) AppleWebKit/537.36 (KHTML, like Gecko) Chrome/92.0.4515.107 Safari/537.36"

api [2021-08-02 20:46:56] [ERROR]: ::1 - - "GET /socket.io/?EIO=3&transport=polling&t=Ni6voJX HTTP/1.1" 404 149 "http://localhost:5008/socket.html" "Mozilla/5.0 (Windows NT 10.0; Win64; x64) AppleWebKit/537.36 (KHTML, like Gecko) Chrome/92.0.4515.107 Safari/537.36"

api [2021-08-02 20:47:02] [ERROR]: ::1 - - "GET /socket.io/?EIO=3&transport=polling&t=Ni6vpnK HTTP/1.1" 404 149 "http://localhost:5008/socket.html" "Mozilla/5.0 (Windows NT 10.0; Win64; x64) AppleWebKit/537.36 (KHTML, like Gecko) Chrome/92.0.4515.107 Safari/537.36"

api [2021-08-02 20:47:08] [ERROR]: ::1 - - "GET /socket.io/?EIO=3&transport=polling&t=Ni6vrEx HTTP/1.1" 404 149 "http://localhost:5008/socket.html" "Mozilla/5.0 (Windows NT 10.0; Win64; x64) AppleWebKit/537.36 (KHTML, like Gecko) Chrome/92.0.4515.107 Safari/537.36"

api [2021-08-02 20:47:14] [ERROR]: ::1 - - "GET /socket.io/?EIO=3&transport=polling&t=Ni6vsiw HTTP/1.1" 404 149 "http://localhost:5008/socket.html" "Mozilla/5.0 (Windows NT 10.0; Win64; x64) AppleWebKit/537.36 (KHTML, like Gecko) Chrome/92.0.4515.107 Safari/537.36"

api [2021-08-02 20:47:20] [ERROR]: ::1 - - "GET /socket.io/?EIO=3&transport=polling&t=Ni6vuAa HTTP/1.1" 404 149 "http://localhost:5008/socket.html" "Mozilla/5.0 (Windows NT 10.0; Win64; x64) AppleWebKit/537.36 (KHTML, like Gecko) Chrome/92.0.4515.107 Safari/537.36"

api [2021-08-02 20:47:26] [ERROR]: ::1 - - "GET /socket.io/?EIO=3&transport=polling&t=Ni6vveP HTTP/1.1" 404 149 "http://localhost:5008/socket.html" "Mozilla/5.0 (Windows NT 10.0; Win64; x64) AppleWebKit/537.36 (KHTML, like Gecko) Chrome/92.0.4515.107 Safari/537.36"

api [2021-08-02 20:47:32] [ERROR]: ::1 - - "GET /socket.io/?EIO=3&transport=polling&t=Ni6vx6A HTTP/1.1" 404 149 "http://localhost:5008/socket.html" "Mozilla/5.0 (Windows NT 10.0; Win64; x64) AppleWebKit/537.36 (KHTML, like Gecko) Chrome/92.0.4515.107 Safari/537.36"

api [2021-08-02 20:47:38] [ERROR]: ::1 - - "GET /socket.io/?EIO=3&transport=polling&t=Ni6vyZw HTTP/1.1" 404 149 "http://localhost:5008/socket.html" "Mozilla/5.0 (Windows NT 10.0; Win64; x64) AppleWebKit/537.36 (KHTML, like Gecko) Chrome/92.0.4515.107 Safari/537.36"

api [2021-08-02 20:47:44] [ERROR]: ::1 - - "GET /socket.io/?EIO=3&transport=polling&t=Ni6v-1R HTTP/1.1" 404 149 "http://localhost:5008/socket.html" "Mozilla/5.0 (Windows NT 10.0; Win64; x64) AppleWebKit/537.36 (KHTML, like Gecko) Chrome/92.0.4515.107 Safari/537.36"

api [2021-08-02 20:47:50] [ERROR]: ::1 - - "GET /socket.io/?EIO=3&transport=polling&t=Ni6v_VE HTTP/1.1" 404 149 "http://localhost:5008/socket.html" "Mozilla/5.0 (Windows NT 10.0; Win64; x64) AppleWebKit/537.36 (KHTML, like Gecko) Chrome/92.0.4515.107 Safari/537.36"

api [2021-08-02 20:47:56] [ERROR]: ::1 - - "GET /socket.io/?EIO=3&transport=polling&t=Ni6w0z9 HTTP/1.1" 404 149 "http://localhost:5008/socket.html" "Mozilla/5.0 (Windows NT 10.0; Win64; x64) AppleWebKit/537.36 (KHTML, like Gecko) Chrome/92.0.4515.107 Safari/537.36"

api [2021-08-02 20:48:02] [ERROR]: ::1 - - "GET /socket.io/?EIO=3&transport=polling&t=Ni6w2Qk HTTP/1.1" 404 149 "http://localhost:5008/socket.html" "Mozilla/5.0 (Windows NT 10.0; Win64; x64) AppleWebKit/537.36 (KHTML, like Gecko) Chrome/92.0.4515.107 Safari/537.36"

api [2021-08-02 20:48:08] [ERROR]: ::1 - - "GET /socket.io/?EIO=3&transport=polling&t=Ni6w3uP HTTP/1.1" 404 149 "http://localhost:5008/socket.html" "Mozilla/5.0 (Windows NT 10.0; Win64; x64) AppleWebKit/537.36 (KHTML, like Gecko) Chrome/92.0.4515.107 Safari/537.36"

api [2021-08-02 20:48:14] [ERROR]: ::1 - - "GET /socket.io/?EIO=3&transport=polling&t=Ni6w5ME HTTP/1.1" 404 149 "http://localhost:5008/socket.html" "Mozilla/5.0 (Windows NT 10.0; Win64; x64) AppleWebKit/537.36 (KHTML, like Gecko) Chrome/92.0.4515.107 Safari/537.36"

api [2021-08-02 20:48:20] [ERROR]: ::1 - - "GET /socket.io/?EIO=3&transport=polling&t=Ni6w6pv HTTP/1.1" 404 149 "http://localhost:5008/socket.html" "Mozilla/5.0 (Windows NT 10.0; Win64; x64) AppleWebKit/537.36 (KHTML, like Gecko) Chrome/92.0.4515.107 Safari/537.36"

api [2021-08-02 20:48:26] [ERROR]: ::1 - - "GET /socket.io/?EIO=3&transport=polling&t=Ni6w8Hk HTTP/1.1" 404 149 "http://localhost:5008/socket.html" "Mozilla/5.0 (Windows NT 10.0; Win64; x64) AppleWebKit/537.36 (KHTML, like Gecko) Chrome/92.0.4515.107 Safari/537.36"

api [2021-08-02 20:48:32] [ERROR]: ::1 - - "GET /socket.io/?EIO=3&transport=polling&t=Ni6w9le HTTP/1.1" 404 149 "http://localhost:5008/socket.html" "Mozilla/5.0 (Windows NT 10.0; Win64; x64) AppleWebKit/537.36 (KHTML, like Gecko) Chrome/92.0.4515.107 Safari/537.36"

api [2021-08-02 20:48:38] [ERROR]: ::1 - - "GET /socket.io/?EIO=3&transport=polling&t=Ni6wBDO HTTP/1.1" 404 149 "http://localhost:5008/socket.html" "Mozilla/5.0 (Windows NT 10.0; Win64; x64) AppleWebKit/537.36 (KHTML, like Gecko) Chrome/92.0.4515.107 Safari/537.36"

api [2021-08-02 20:48:44] [ERROR]: ::1 - - "GET /socket.io/?EIO=3&transport=polling&t=Ni6wCgv HTTP/1.1" 404 149 "http://localhost:5008/socket.html" "Mozilla/5.0 (Windows NT 10.0; Win64; x64) AppleWebKit/537.36 (KHTML, like Gecko) Chrome/92.0.4515.107 Safari/537.36"

api [2021-08-02 20:48:50] [ERROR]: ::1 - - "GET /socket.io/?EIO=3&transport=polling&t=Ni6wE8h HTTP/1.1" 404 149 "http://localhost:5008/socket.html" "Mozilla/5.0 (Windows NT 10.0; Win64; x64) AppleWebKit/537.36 (KHTML, like Gecko) Chrome/92.0.4515.107 Safari/537.36"

api [2021-08-02 20:48:56] [ERROR]: ::1 - - "GET /socket.io/?EIO=3&transport=polling&t=Ni6wFcf HTTP/1.1" 404 149 "http://localhost:5008/socket.html" "Mozilla/5.0 (Windows NT 10.0; Win64; x64) AppleWebKit/537.36 (KHTML, like Gecko) Chrome/92.0.4515.107 Safari/537.36"

api [2021-08-02 20:49:02] [ERROR]: ::1 - - "GET /socket.io/?EIO=3&transport=polling&t=Ni6wH4Q HTTP/1.1" 404 149 "http://localhost:5008/socket.html" "Mozilla/5.0 (Windows NT 10.0; Win64; x64) AppleWebKit/537.36 (KHTML, like Gecko) Chrome/92.0.4515.107 Safari/537.36"

api [2021-08-02 20:49:08] [ERROR]: ::1 - - "GET /socket.io/?EIO=3&transport=polling&t=Ni6wIY0 HTTP/1.1" 404 149 "http://localhost:5008/socket.html" "Mozilla/5.0 (Windows NT 10.0; Win64; x64) AppleWebKit/537.36 (KHTML, like Gecko) Chrome/92.0.4515.107 Safari/537.36"

api [2021-08-02 20:49:14] [ERROR]: ::1 - - "GET /socket.io/?EIO=3&transport=polling&t=Ni6wJ_w HTTP/1.1" 404 149 "http://localhost:5008/socket.html" "Mozilla/5.0 (Windows NT 10.0; Win64; x64) AppleWebKit/537.36 (KHTML, like Gecko) Chrome/92.0.4515.107 Safari/537.36"

api [2021-08-02 20:49:20] [ERROR]: ::1 - - "GET /socket.io/?EIO=3&transport=polling&t=Ni6wLTR HTTP/1.1" 404 149 "http://localhost:5008/socket.html" "Mozilla/5.0 (Windows NT 10.0; Win64; x64) AppleWebKit/537.36 (KHTML, like Gecko) Chrome/92.0.4515.107 Safari/537.36"

api [2021-08-02 20:49:26] [ERROR]: ::1 - - "GET /socket.io/?EIO=3&transport=polling&t=Ni6wMxL HTTP/1.1" 404 149 "http://localhost:5008/socket.html" "Mozilla/5.0 (Windows NT 10.0; Win64; x64) AppleWebKit/537.36 (KHTML, like Gecko) Chrome/92.0.4515.107 Safari/537.36"

api [2021-08-02 20:49:32] [ERROR]: ::1 - - "GET /socket.io/?EIO=3&transport=polling&t=Ni6wOP0 HTTP/1.1" 404 149 "http://localhost:5008/socket.html" "Mozilla/5.0 (Windows NT 10.0; Win64; x64) AppleWebKit/537.36 (KHTML, like Gecko) Chrome/92.0.4515.107 Safari/537.36"

api [2021-08-02 20:49:38] [ERROR]: ::1 - - "GET /socket.io/?EIO=3&transport=polling&t=Ni6wPsw HTTP/1.1" 404 149 "http://localhost:5008/socket.html" "Mozilla/5.0 (Windows NT 10.0; Win64; x64) AppleWebKit/537.36 (KHTML, like Gecko) Chrome/92.0.4515.107 Safari/537.36"

api [2021-08-02 20:49:44] [ERROR]: ::1 - - "GET /socket.io/?EIO=3&transport=polling&t=Ni6wRKg HTTP/1.1" 404 149 "http://localhost:5008/socket.html" "Mozilla/5.0 (Windows NT 10.0; Win64; x64) AppleWebKit/537.36 (KHTML, like Gecko) Chrome/92.0.4515.107 Safari/537.36"

api [2021-08-02 20:49:50] [ERROR]: ::1 - - "GET /socket.io/?EIO=3&transport=polling&t=Ni6wSoD HTTP/1.1" 404 149 "http://localhost:5008/socket.html" "Mozilla/5.0 (Windows NT 10.0; Win64; x64) AppleWebKit/537.36 (KHTML, like Gecko) Chrome/92.0.4515.107 Safari/537.36"

api [2021-08-02 20:49:56] [ERROR]: ::1 - - "GET /socket.io/?EIO=3&transport=polling&t=Ni6wUGA HTTP/1.1" 404 149 "http://localhost:5008/socket.html" "Mozilla/5.0 (Windows NT 10.0; Win64; x64) AppleWebKit/537.36 (KHTML, like Gecko) Chrome/92.0.4515.107 Safari/537.36"

api [2021-08-02 20:50:02] [ERROR]: ::1 - - "GET /socket.io/?EIO=3&transport=polling&t=Ni6wVjh HTTP/1.1" 404 149 "http://localhost:5008/socket.html" "Mozilla/5.0 (Windows NT 10.0; Win64; x64) AppleWebKit/537.36 (KHTML, like Gecko) Chrome/92.0.4515.107 Safari/537.36"

api [2021-08-02 20:50:08] [ERROR]: ::1 - - "GET /socket.io/?EIO=3&transport=polling&t=Ni6wXBe HTTP/1.1" 404 149 "http://localhost:5008/socket.html" "Mozilla/5.0 (Windows NT 10.0; Win64; x64) AppleWebKit/537.36 (KHTML, like Gecko) Chrome/92.0.4515.107 Safari/537.36"

api [2021-08-02 20:50:14] [ERROR]: ::1 - - "GET /socket.io/?EIO=3&transport=polling&t=Ni6wYfG HTTP/1.1" 404 149 "http://localhost:5008/socket.html" "Mozilla/5.0 (Windows NT 10.0; Win64; x64) AppleWebKit/537.36 (KHTML, like Gecko) Chrome/92.0.4515.107 Safari/537.36"

api [2021-08-02 20:50:20] [ERROR]: ::1 - - "GET /socket.io/?EIO=3&transport=polling&t=Ni6wa70 HTTP/1.1" 404 149 "http://localhost:5008/socket.html" "Mozilla/5.0 (Windows NT 10.0; Win64; x64) AppleWebKit/537.36 (KHTML, like Gecko) Chrome/92.0.4515.107 Safari/537.36"

api [2021-08-02 20:50:26] [ERROR]: ::1 - - "GET /socket.io/?EIO=3&transport=polling&t=Ni6wbam HTTP/1.1" 404 149 "http://localhost:5008/socket.html" "Mozilla/5.0 (Windows NT 10.0; Win64; x64) AppleWebKit/537.36 (KHTML, like Gecko) Chrome/92.0.4515.107 Safari/537.36"

api [2021-08-02 20:50:32] [ERROR]: ::1 - - "GET /socket.io/?EIO=3&transport=polling&t=Ni6wd2g HTTP/1.1" 404 149 "http://localhost:5008/socket.html" "Mozilla/5.0 (Windows NT 10.0; Win64; x64) AppleWebKit/537.36 (KHTML, like Gecko) Chrome/92.0.4515.107 Safari/537.36"

api [2021-08-02 20:50:38] [ERROR]: ::1 - - "GET /socket.io/?EIO=3&transport=polling&t=Ni6weWH HTTP/1.1" 404 149 "http://localhost:5008/socket.html" "Mozilla/5.0 (Windows NT 10.0; Win64; x64) AppleWebKit/537.36 (KHTML, like Gecko) Chrome/92.0.4515.107 Safari/537.36"

api [2021-08-02 20:50:44] [ERROR]: ::1 - - "GET /socket.io/?EIO=3&transport=polling&t=Ni6wf-0 HTTP/1.1" 404 149 "http://localhost:5008/socket.html" "Mozilla/5.0 (Windows NT 10.0; Win64; x64) AppleWebKit/537.36 (KHTML, like Gecko) Chrome/92.0.4515.107 Safari/537.36"

api [2021-08-02 20:50:50] [ERROR]: ::1 - - "GET /socket.io/?EIO=3&transport=polling&t=Ni6whRw HTTP/1.1" 404 149 "http://localhost:5008/socket.html" "Mozilla/5.0 (Windows NT 10.0; Win64; x64) AppleWebKit/537.36 (KHTML, like Gecko) Chrome/92.0.4515.107 Safari/537.36"

api [2021-08-02 20:50:56] [ERROR]: ::1 - - "GET /socket.io/?EIO=3&transport=polling&t=Ni6wivQ HTTP/1.1" 404 149 "http://localhost:5008/socket.html" "Mozilla/5.0 (Windows NT 10.0; Win64; x64) AppleWebKit/537.36 (KHTML, like Gecko) Chrome/92.0.4515.107 Safari/537.36"

api [2021-08-02 20:51:02] [ERROR]: ::1 - - "GET /socket.io/?EIO=3&transport=polling&t=Ni6wkNQ HTTP/1.1" 404 149 "http://localhost:5008/socket.html" "Mozilla/5.0 (Windows NT 10.0; Win64; x64) AppleWebKit/537.36 (KHTML, like Gecko) Chrome/92.0.4515.107 Safari/537.36"

api [2021-08-02 20:51:08] [ERROR]: ::1 - - "GET /socket.io/?EIO=3&transport=polling&t=Ni6wlr5 HTTP/1.1" 404 149 "http://localhost:5008/socket.html" "Mozilla/5.0 (Windows NT 10.0; Win64; x64) AppleWebKit/537.36 (KHTML, like Gecko) Chrome/92.0.4515.107 Safari/537.36"

api [2021-08-02 20:51:14] [ERROR]: ::1 - - "GET /socket.io/?EIO=3&transport=polling&t=Ni6wnIh HTTP/1.1" 404 149 "http://localhost:5008/socket.html" "Mozilla/5.0 (Windows NT 10.0; Win64; x64) AppleWebKit/537.36 (KHTML, like Gecko) Chrome/92.0.4515.107 Safari/537.36"

api [2021-08-02 20:51:20] [ERROR]: ::1 - - "GET /socket.io/?EIO=3&transport=polling&t=Ni6womW HTTP/1.1" 404 149 "http://localhost:5008/socket.html" "Mozilla/5.0 (Windows NT 10.0; Win64; x64) AppleWebKit/537.36 (KHTML, like Gecko) Chrome/92.0.4515.107 Safari/537.36"

api [2021-08-02 20:51:26] [ERROR]: ::1 - - "GET /socket.io/?EIO=3&transport=polling&t=Ni6wqEP HTTP/1.1" 404 149 "http://localhost:5008/socket.html" "Mozilla/5.0 (Windows NT 10.0; Win64; x64) AppleWebKit/537.36 (KHTML, like Gecko) Chrome/92.0.4515.107 Safari/537.36"

api [2021-08-02 20:51:32] [ERROR]: ::1 - - "GET /socket.io/?EIO=3&transport=polling&t=Ni6wrep HTTP/1.1" 404 149 "http://localhost:5008/socket.html" "Mozilla/5.0 (Windows NT 10.0; Win64; x64) AppleWebKit/537.36 (KHTML, like Gecko) Chrome/92.0.4515.107 Safari/537.36"

api [2021-08-02 20:51:37] [ERROR]: ::1 - - "GET /socket.io/?EIO=3&transport=polling&t=Ni6wsw8 HTTP/1.1" 404 149 "http://localhost:5008/socket.html" "Mozilla/5.0 (Windows NT 10.0; Win64; x64) AppleWebKit/537.36 (KHTML, like Gecko) Chrome/92.0.4515.107 Safari/537.36"

api [2021-08-02 20:51:43] [ERROR]: ::1 - - "GET /socket.io/?EIO=3&transport=polling&t=Ni6wuNp HTTP/1.1" 404 149 "http://localhost:5008/socket.html" "Mozilla/5.0 (Windows NT 10.0; Win64; x64) AppleWebKit/537.36 (KHTML, like Gecko) Chrome/92.0.4515.107 Safari/537.36"

api [2021-08-02 20:51:49] [ERROR]: ::1 - - "GET /socket.io/?EIO=3&transport=polling&t=Ni6wvro HTTP/1.1" 404 149 "http://localhost:5008/socket.html" "Mozilla/5.0 (Windows NT 10.0; Win64; x64) AppleWebKit/537.36 (KHTML, like Gecko) Chrome/92.0.4515.107 Safari/537.36"

api [2021-08-02 20:51:55] [ERROR]: ::1 - - "GET /socket.io/?EIO=3&transport=polling&t=Ni6wxJM HTTP/1.1" 404 149 "http://localhost:5008/socket.html" "Mozilla/5.0 (Windows NT 10.0; Win64; x64) AppleWebKit/537.36 (KHTML, like Gecko) Chrome/92.0.4515.107 Safari/537.36"

api [2021-08-02 20:52:01] [ERROR]: ::1 - - "GET /socket.io/?EIO=3&transport=polling&t=Ni6wyn8 HTTP/1.1" 404 149 "http://localhost:5008/socket.html" "Mozilla/5.0 (Windows NT 10.0; Win64; x64) AppleWebKit/537.36 (KHTML, like Gecko) Chrome/92.0.4515.107 Safari/537.36"

api [2021-08-02 20:52:07] [ERROR]: ::1 - - "GET /socket.io/?EIO=3&transport=polling&t=Ni6w-Ep HTTP/1.1" 404 149 "http://localhost:5008/socket.html" "Mozilla/5.0 (Windows NT 10.0; Win64; x64) AppleWebKit/537.36 (KHTML, like Gecko) Chrome/92.0.4515.107 Safari/537.36"

api [2021-08-02 20:52:13] [ERROR]: ::1 - - "GET /socket.io/?EIO=3&transport=polling&t=Ni6w_ie HTTP/1.1" 404 149 "http://localhost:5008/socket.html" "Mozilla/5.0 (Windows NT 10.0; Win64; x64) AppleWebKit/537.36 (KHTML, like Gecko) Chrome/92.0.4515.107 Safari/537.36"

api [2021-08-02 20:52:19] [ERROR]: ::1 - - "GET /socket.io/?EIO=3&transport=polling&t=Ni6x1AW HTTP/1.1" 404 149 "http://localhost:5008/socket.html" "Mozilla/5.0 (Windows NT 10.0; Win64; x64) AppleWebKit/537.36 (KHTML, like Gecko) Chrome/92.0.4515.107 Safari/537.36"

api [2021-08-02 20:52:25] [ERROR]: ::1 - - "GET /socket.io/?EIO=3&transport=polling&t=Ni6x2e8 HTTP/1.1" 404 149 "http://localhost:5008/socket.html" "Mozilla/5.0 (Windows NT 10.0; Win64; x64) AppleWebKit/537.36 (KHTML, like Gecko) Chrome/92.0.4515.107 Safari/537.36"

api [2021-08-02 20:52:31] [ERROR]: ::1 - - "GET /socket.io/?EIO=3&transport=polling&t=Ni6x45p HTTP/1.1" 404 149 "http://localhost:5008/socket.html" "Mozilla/5.0 (Windows NT 10.0; Win64; x64) AppleWebKit/537.36 (KHTML, like Gecko) Chrome/92.0.4515.107 Safari/537.36"

api [2021-08-02 21:36:32] [ERROR]: ::ffff:127.0.0.1 - - "GET /socket.io/?EIO=3&transport=polling&t=Ni757v1 HTTP/1.1" 404 149 "http://localhost:5008/" "Mozilla/5.0 (Windows NT 10.0; Win64; x64) AppleWebKit/537.36 (KHTML, like Gecko) Chrome/92.0.4515.107 Safari/537.36"

api [2021-08-02 21:36:37] [ERROR]: ::1 - - "GET /socket.io/?EIO=3&transport=polling&t=Ni75A5f HTTP/1.1" 404 149 "http://localhost:5008/" "Mozilla/5.0 (Windows NT 10.0; Win64; x64) AppleWebKit/537.36 (KHTML, like Gecko) Chrome/92.0.4515.107 Safari/537.36"

api [2021-08-02 21:36:43] [ERROR]: ::1 - - "GET /socket.io/?EIO=3&transport=polling&t=Ni75BZP HTTP/1.1" 404 149 "http://localhost:5008/" "Mozilla/5.0 (Windows NT 10.0; Win64; x64) AppleWebKit/537.36 (KHTML, like Gecko) Chrome/92.0.4515.107 Safari/537.36"

api [2021-08-02 21:36:49] [ERROR]: ::1 - - "GET /socket.io/?EIO=3&transport=polling&t=Ni75D19 HTTP/1.1" 404 149 "http://localhost:5008/" "Mozilla/5.0 (Windows NT 10.0; Win64; x64) AppleWebKit/537.36 (KHTML, like Gecko) Chrome/92.0.4515.107 Safari/537.36"

api [2021-08-02 22:11:39] [ERROR]: ::1 - - "GET /socket.io/?EIO=3&transport=polling&t=Ni7DBBy HTTP/1.1" 404 149 "http://localhost:5008/" "Mozilla/5.0 (Windows NT 10.0; Win64; x64) AppleWebKit/537.36 (KHTML, like Gecko) Chrome/92.0.4515.107 Safari/537.36"

api [2021-08-02 22:11:45] [ERROR]: ::1 - - "GET /socket.io/?EIO=3&transport=polling&t=Ni7DCfe HTTP/1.1" 404 149 "http://localhost:5008/" "Mozilla/5.0 (Windows NT 10.0; Win64; x64) AppleWebKit/537.36 (KHTML, like Gecko) Chrome/92.0.4515.107 Safari/537.36"

api [2021-08-02 22:11:51] [ERROR]: ::1 - - "GET /socket.io/?EIO=3&transport=polling&t=Ni7DE7f HTTP/1.1" 404 149 "http://localhost:5008/" "Mozilla/5.0 (Windows NT 10.0; Win64; x64) AppleWebKit/537.36 (KHTML, like Gecko) Chrome/92.0.4515.107 Safari/537.36"

api [2021-08-02 22:11:57] [ERROR]: ::1 - - "GET /socket.io/?EIO=3&transport=polling&t=Ni7DFb8 HTTP/1.1" 404 149 "http://localhost:5008/" "Mozilla/5.0 (Windows NT 10.0; Win64; x64) AppleWebKit/537.36 (KHTML, like Gecko) Chrome/92.0.4515.107 Safari/537.36"

api [2021-08-02 22:12:02] [ERROR]: ::1 - - "GET /socket.io/?EIO=3&transport=polling&t=Ni7DGph HTTP/1.1" 404 149 "http://localhost:5008/" "Mozilla/5.0 (Windows NT 10.0; Win64; x64) AppleWebKit/537.36 (KHTML, like Gecko) Chrome/92.0.4515.107 Safari/537.36"

api [2021-08-02 22:12:06] [ERROR]: ::1 - - "GET /socket.io/?EIO=3&transport=polling&t=Ni7DHmZ HTTP/1.1" 404 149 "http://localhost:5008/socket.html" "Mozilla/5.0 (Windows NT 10.0; Win64; x64) AppleWebKit/537.36 (KHTML, like Gecko) Chrome/92.0.4515.107 Safari/537.36"

api [2021-08-02 22:12:07] [ERROR]: ::1 - - "GET /socket.io/?EIO=3&transport=polling&t=Ni7DI2G HTTP/1.1" 404 149 "http://localhost:5008/" "Mozilla/5.0 (Windows NT 10.0; Win64; x64) AppleWebKit/537.36 (KHTML, like Gecko) Chrome/92.0.4515.107 Safari/537.36"

api [2021-08-02 22:12:07] [ERROR]: ::1 - - "GET /socket.io/?EIO=3&transport=polling&t=Ni7DI2_ HTTP/1.1" 404 149 "http://localhost:5008/socket.html" "Mozilla/5.0 (Windows NT 10.0; Win64; x64) AppleWebKit/537.36 (KHTML, like Gecko) Chrome/92.0.4515.107 Safari/537.36"

api [2021-08-02 22:12:08] [ERROR]: ::1 - - "GET /socket.io/?EIO=3&transport=polling&t=Ni7DIOC HTTP/1.1" 404 149 "http://localhost:5008/socket.html" "Mozilla/5.0 (Windows NT 10.0; Win64; x64) AppleWebKit/537.36 (KHTML, like Gecko) Chrome/92.0.4515.107 Safari/537.36"

api [2021-08-02 22:12:12] [ERROR]: ::1 - - "GET /socket.io/?EIO=3&transport=polling&t=Ni7DJEq HTTP/1.1" 404 149 "http://localhost:5008/socket.html" "Mozilla/5.0 (Windows NT 10.0; Win64; x64) AppleWebKit/537.36 (KHTML, like Gecko) Chrome/92.0.4515.107 Safari/537.36"

api [2021-08-02 22:12:13] [ERROR]: ::1 - - "GET /socket.io/?EIO=3&transport=polling&t=Ni7DJVI HTTP/1.1" 404 149 "http://localhost:5008/" "Mozilla/5.0 (Windows NT 10.0; Win64; x64) AppleWebKit/537.36 (KHTML, like Gecko) Chrome/92.0.4515.107 Safari/537.36"

api [2021-08-02 22:12:19] [ERROR]: ::1 - - "GET /socket.io/?EIO=3&transport=polling&t=Ni7DKy_ HTTP/1.1" 404 149 "http://localhost:5008/" "Mozilla/5.0 (Windows NT 10.0; Win64; x64) AppleWebKit/537.36 (KHTML, like Gecko) Chrome/92.0.4515.107 Safari/537.36"

api [2021-08-02 22:12:25] [ERROR]: ::1 - - "GET /socket.io/?EIO=3&transport=polling&t=Ni7DMQj HTTP/1.1" 404 149 "http://localhost:5008/" "Mozilla/5.0 (Windows NT 10.0; Win64; x64) AppleWebKit/537.36 (KHTML, like Gecko) Chrome/92.0.4515.107 Safari/537.36"

api [2021-08-02 22:12:31] [ERROR]: ::1 - - "GET /socket.io/?EIO=3&transport=polling&t=Ni7DNuP HTTP/1.1" 404 149 "http://localhost:5008/" "Mozilla/5.0 (Windows NT 10.0; Win64; x64) AppleWebKit/537.36 (KHTML, like Gecko) Chrome/92.0.4515.107 Safari/537.36"

api [2021-08-02 22:12:37] [ERROR]: ::1 - - "GET /socket.io/?EIO=3&transport=polling&t=Ni7DPMF HTTP/1.1" 404 149 "http://localhost:5008/" "Mozilla/5.0 (Windows NT 10.0; Win64; x64) AppleWebKit/537.36 (KHTML, like Gecko) Chrome/92.0.4515.107 Safari/537.36"

api [2021-08-02 22:12:43] [ERROR]: ::1 - - "GET /socket.io/?EIO=3&transport=polling&t=Ni7DQpw HTTP/1.1" 404 149 "http://localhost:5008/" "Mozilla/5.0 (Windows NT 10.0; Win64; x64) AppleWebKit/537.36 (KHTML, like Gecko) Chrome/92.0.4515.107 Safari/537.36"

api [2021-08-02 22:12:49] [ERROR]: ::1 - - "GET /socket.io/?EIO=3&transport=polling&t=Ni7DSHd HTTP/1.1" 404 149 "http://localhost:5008/" "Mozilla/5.0 (Windows NT 10.0; Win64; x64) AppleWebKit/537.36 (KHTML, like Gecko) Chrome/92.0.4515.107 Safari/537.36"

api [2021-08-02 22:12:55] [ERROR]: ::1 - - "GET /socket.io/?EIO=3&transport=polling&t=Ni7DTla HTTP/1.1" 404 149 "http://localhost:5008/" "Mozilla/5.0 (Windows NT 10.0; Win64; x64) AppleWebKit/537.36 (KHTML, like Gecko) Chrome/92.0.4515.107 Safari/537.36"

api [2021-08-02 22:13:01] [ERROR]: ::1 - - "GET /socket.io/?EIO=3&transport=polling&t=Ni7DVDG HTTP/1.1" 404 149 "http://localhost:5008/" "Mozilla/5.0 (Windows NT 10.0; Win64; x64) AppleWebKit/537.36 (KHTML, like Gecko) Chrome/92.0.4515.107 Safari/537.36"

api [2021-08-02 22:13:07] [ERROR]: ::1 - - "GET /socket.io/?EIO=3&transport=polling&t=Ni7DWg- HTTP/1.1" 404 149 "http://localhost:5008/" "Mozilla/5.0 (Windows NT 10.0; Win64; x64) AppleWebKit/537.36 (KHTML, like Gecko) Chrome/92.0.4515.107 Safari/537.36"

api [2021-08-02 22:13:12] [ERROR]: ::1 - - "GET /socket.io/?EIO=3&transport=polling&t=Ni7DXzu HTTP/1.1" 404 149 "http://localhost:5008/" "Mozilla/5.0 (Windows NT 10.0; Win64; x64) AppleWebKit/537.36 (KHTML, like Gecko) Chrome/92.0.4515.107 Safari/537.36"

api [2021-08-02 22:13:18] [ERROR]: ::1 - - "GET /socket.io/?EIO=3&transport=polling&t=Ni7DZMv HTTP/1.1" 404 149 "http://localhost:5008/" "Mozilla/5.0 (Windows NT 10.0; Win64; x64) AppleWebKit/537.36 (KHTML, like Gecko) Chrome/92.0.4515.107 Safari/537.36"

api [2021-08-02 22:13:24] [ERROR]: ::1 - - "GET /socket.io/?EIO=3&transport=polling&t=Ni7Daqd HTTP/1.1" 404 149 "http://localhost:5008/" "Mozilla/5.0 (Windows NT 10.0; Win64; x64) AppleWebKit/537.36 (KHTML, like Gecko) Chrome/92.0.4515.107 Safari/537.36"

api [2021-08-02 22:13:29] [ERROR]: ::1 - - "GET /socket.io/?EIO=3&transport=polling&t=Ni7DcA9 HTTP/1.1" 404 149 "http://localhost:5008/" "Mozilla/5.0 (Windows NT 10.0; Win64; x64) AppleWebKit/537.36 (KHTML, like Gecko) Chrome/92.0.4515.107 Safari/537.36"

api [2021-08-02 22:13:35] [ERROR]: ::1 - - "GET /socket.io/?EIO=3&transport=polling&t=Ni7DdWX HTTP/1.1" 404 149 "http://localhost:5008/" "Mozilla/5.0 (Windows NT 10.0; Win64; x64) AppleWebKit/537.36 (KHTML, like Gecko) Chrome/92.0.4515.107 Safari/537.36"

api [2021-08-02 22:13:41] [ERROR]: ::1 - - "GET /socket.io/?EIO=3&transport=polling&t=Ni7De-K HTTP/1.1" 404 149 "http://localhost:5008/" "Mozilla/5.0 (Windows NT 10.0; Win64; x64) AppleWebKit/537.36 (KHTML, like Gecko) Chrome/92.0.4515.107 Safari/537.36"

api [2021-08-02 22:13:47] [ERROR]: ::1 - - "GET /socket.io/?EIO=3&transport=polling&t=Ni7DgRw HTTP/1.1" 404 149 "http://localhost:5008/" "Mozilla/5.0 (Windows NT 10.0; Win64; x64) AppleWebKit/537.36 (KHTML, like Gecko) Chrome/92.0.4515.107 Safari/537.36"

api [2021-08-02 22:13:53] [ERROR]: ::1 - - "GET /socket.io/?EIO=3&transport=polling&t=Ni7Dhvl HTTP/1.1" 404 149 "http://localhost:5008/" "Mozilla/5.0 (Windows NT 10.0; Win64; x64) AppleWebKit/537.36 (KHTML, like Gecko) Chrome/92.0.4515.107 Safari/537.36"

api [2021-08-02 22:13:59] [ERROR]: ::1 - - "GET /socket.io/?EIO=3&transport=polling&t=Ni7DjNZ HTTP/1.1" 404 149 "http://localhost:5008/" "Mozilla/5.0 (Windows NT 10.0; Win64; x64) AppleWebKit/537.36 (KHTML, like Gecko) Chrome/92.0.4515.107 Safari/537.36"

api [2021-08-02 22:14:05] [ERROR]: ::1 - - "GET /socket.io/?EIO=3&transport=polling&t=Ni7DkrM HTTP/1.1" 404 149 "http://localhost:5008/" "Mozilla/5.0 (Windows NT 10.0; Win64; x64) AppleWebKit/537.36 (KHTML, like Gecko) Chrome/92.0.4515.107 Safari/537.36"

api [2021-08-02 22:14:11] [ERROR]: ::1 - - "GET /socket.io/?EIO=3&transport=polling&t=Ni7DmIv HTTP/1.1" 404 149 "http://localhost:5008/" "Mozilla/5.0 (Windows NT 10.0; Win64; x64) AppleWebKit/537.36 (KHTML, like Gecko) Chrome/92.0.4515.107 Safari/537.36"

api [2021-08-02 22:14:17] [ERROR]: ::1 - - "GET /socket.io/?EIO=3&transport=polling&t=Ni7Dnmn HTTP/1.1" 404 149 "http://localhost:5008/" "Mozilla/5.0 (Windows NT 10.0; Win64; x64) AppleWebKit/537.36 (KHTML, like Gecko) Chrome/92.0.4515.107 Safari/537.36"

api [2021-08-02 22:14:23] [ERROR]: ::1 - - "GET /socket.io/?EIO=3&transport=polling&t=Ni7DpAY HTTP/1.1" 404 149 "http://localhost:5008/" "Mozilla/5.0 (Windows NT 10.0; Win64; x64) AppleWebKit/537.36 (KHTML, like Gecko) Chrome/92.0.4515.107 Safari/537.36"

api [2021-08-02 22:14:28] [ERROR]: ::1 - - "GET /socket.io/?EIO=3&transport=polling&t=Ni7DqSh HTTP/1.1" 404 149 "http://localhost:5008/" "Mozilla/5.0 (Windows NT 10.0; Win64; x64) AppleWebKit/537.36 (KHTML, like Gecko) Chrome/92.0.4515.107 Safari/537.36"

api [2021-08-02 22:14:33] [ERROR]: ::1 - - "GET /socket.io/?EIO=3&transport=polling&t=Ni7Drnh HTTP/1.1" 404 149 "http://localhost:5008/" "Mozilla/5.0 (Windows NT 10.0; Win64; x64) AppleWebKit/537.36 (KHTML, like Gecko) Chrome/92.0.4515.107 Safari/537.36"

api [2021-08-02 22:14:39] [ERROR]: ::1 - - "GET /socket.io/?EIO=3&transport=polling&t=Ni7Dt8S HTTP/1.1" 404 149 "http://localhost:5008/" "Mozilla/5.0 (Windows NT 10.0; Win64; x64) AppleWebKit/537.36 (KHTML, like Gecko) Chrome/92.0.4515.107 Safari/537.36"

api [2021-08-02 22:14:45] [ERROR]: ::1 - - "GET /socket.io/?EIO=3&transport=polling&t=Ni7DucA HTTP/1.1" 404 149 "http://localhost:5008/" "Mozilla/5.0 (Windows NT 10.0; Win64; x64) AppleWebKit/537.36 (KHTML, like Gecko) Chrome/92.0.4515.107 Safari/537.36"

api [2021-08-02 22:14:51] [ERROR]: ::1 - - "GET /socket.io/?EIO=3&transport=polling&t=Ni7Dw3t HTTP/1.1" 404 149 "http://localhost:5008/" "Mozilla/5.0 (Windows NT 10.0; Win64; x64) AppleWebKit/537.36 (KHTML, like Gecko) Chrome/92.0.4515.107 Safari/537.36"

api [2021-08-02 22:14:57] [ERROR]: ::1 - - "GET /socket.io/?EIO=3&transport=polling&t=Ni7DxU4 HTTP/1.1" 404 149 "http://localhost:5008/" "Mozilla/5.0 (Windows NT 10.0; Win64; x64) AppleWebKit/537.36 (KHTML, like Gecko) Chrome/92.0.4515.107 Safari/537.36"

api [2021-08-02 22:15:02] [ERROR]: ::1 - - "GET /socket.io/?EIO=3&transport=polling&t=Ni7Dylm HTTP/1.1" 404 149 "http://localhost:5008/" "Mozilla/5.0 (Windows NT 10.0; Win64; x64) AppleWebKit/537.36 (KHTML, like Gecko) Chrome/92.0.4515.107 Safari/537.36"

api [2021-08-02 22:15:08] [ERROR]: ::1 - - "GET /socket.io/?EIO=3&transport=polling&t=Ni7D-DZ HTTP/1.1" 404 149 "http://localhost:5008/" "Mozilla/5.0 (Windows NT 10.0; Win64; x64) AppleWebKit/537.36 (KHTML, like Gecko) Chrome/92.0.4515.107 Safari/537.36"

api [2021-08-02 22:15:14] [ERROR]: ::1 - - "GET /socket.io/?EIO=3&transport=polling&t=Ni7D_hJ HTTP/1.1" 404 149 "http://localhost:5008/" "Mozilla/5.0 (Windows NT 10.0; Win64; x64) AppleWebKit/537.36 (KHTML, like Gecko) Chrome/92.0.4515.107 Safari/537.36"

api [2021-08-02 22:15:20] [ERROR]: ::1 - - "GET /socket.io/?EIO=3&transport=polling&t=Ni7E19F HTTP/1.1" 404 149 "http://localhost:5008/" "Mozilla/5.0 (Windows NT 10.0; Win64; x64) AppleWebKit/537.36 (KHTML, like Gecko) Chrome/92.0.4515.107 Safari/537.36"

api [2021-08-02 22:15:46] [ERROR]: ::1 - - "GET /socket.io/?EIO=3&transport=polling&t=Ni7E7VO HTTP/1.1" 404 149 "http://localhost:5008/" "Mozilla/5.0 (Windows NT 10.0; Win64; x64) AppleWebKit/537.36 (KHTML, like Gecko) Chrome/92.0.4515.107 Safari/537.36"

api [2021-08-02 22:15:52] [ERROR]: ::1 - - "GET /socket.io/?EIO=3&transport=polling&t=Ni7E8zF HTTP/1.1" 404 149 "http://localhost:5008/" "Mozilla/5.0 (Windows NT 10.0; Win64; x64) AppleWebKit/537.36 (KHTML, like Gecko) Chrome/92.0.4515.107 Safari/537.36"

api [2021-08-02 22:15:58] [ERROR]: ::1 - - "GET /socket.io/?EIO=3&transport=polling&t=Ni7EAQo HTTP/1.1" 404 149 "http://localhost:5008/" "Mozilla/5.0 (Windows NT 10.0; Win64; x64) AppleWebKit/537.36 (KHTML, like Gecko) Chrome/92.0.4515.107 Safari/537.36"

api [2021-08-02 22:16:04] [ERROR]: ::1 - - "GET /socket.io/?EIO=3&transport=polling&t=Ni7EBuY HTTP/1.1" 404 149 "http://localhost:5008/" "Mozilla/5.0 (Windows NT 10.0; Win64; x64) AppleWebKit/537.36 (KHTML, like Gecko) Chrome/92.0.4515.107 Safari/537.36"

api [2021-08-02 22:16:10] [ERROR]: ::1 - - "GET /socket.io/?EIO=3&transport=polling&t=Ni7EDMJ HTTP/1.1" 404 149 "http://localhost:5008/" "Mozilla/5.0 (Windows NT 10.0; Win64; x64) AppleWebKit/537.36 (KHTML, like Gecko) Chrome/92.0.4515.107 Safari/537.36"

api [2021-08-02 22:16:16] [ERROR]: ::1 - - "GET /socket.io/?EIO=3&transport=polling&t=Ni7EEqE HTTP/1.1" 404 149 "http://localhost:5008/" "Mozilla/5.0 (Windows NT 10.0; Win64; x64) AppleWebKit/537.36 (KHTML, like Gecko) Chrome/92.0.4515.107 Safari/537.36"

api [2021-08-02 22:16:22] [ERROR]: ::ffff:127.0.0.1 - - "GET /socket.io/?EIO=3&transport=polling&t=Ni7EGHt HTTP/1.1" 404 149 "http://localhost:5008/" "Mozilla/5.0 (Windows NT 10.0; Win64; x64) AppleWebKit/537.36 (KHTML, like Gecko) Chrome/92.0.4515.107 Safari/537.36"

api [2021-08-02 22:16:28] [ERROR]: ::ffff:127.0.0.1 - - "GET /socket.io/?EIO=3&transport=polling&t=Ni7EHld HTTP/1.1" 404 149 "http://localhost:5008/" "Mozilla/5.0 (Windows NT 10.0; Win64; x64) AppleWebKit/537.36 (KHTML, like Gecko) Chrome/92.0.4515.107 Safari/537.36"

